<?xml version="1.0" encoding="UTF-8"?>
<testng-results ignored="0" total="1" passed="1" failed="0" skipped="0">
  <reporter-output>
  </reporter-output>
  <suite started-at="2021-08-30T20:25:10Z" name="Default suite" finished-at="2021-08-30T20:25:10Z" duration-ms="87">
    <groups>
    </groups>
    <test started-at="2021-08-30T20:25:10Z" name="Default test" finished-at="2021-08-30T20:25:10Z" duration-ms="87">
      <class name="test.NewTest">
        <test-method signature="f()[pri:0, instance:test.NewTest@5ab956d7]" started-at="2021-08-31T01:55:10Z" name="f" finished-at="2021-08-31T01:55:10Z" duration-ms="29" status="PASS">
          <reporter-output>
          </reporter-output>
        </test-method> <!-- f -->
      </class> <!-- test.NewTest -->
    </test> <!-- Default test -->
  </suite> <!-- Default suite -->
</testng-results>
